2025-08-25 14:56:27 [restartedMain] INFO  com.yep.web.WebApplication - Starting WebApplication using Java 17.0.12 with PID 45032 (C:\Users\71949\Desktop\java code\web\target\classes started by 71949 in C:\Users\71949\Desktop\java code\web)
2025-08-25 14:56:27 [restartedMain] INFO  com.yep.web.WebApplication - No active profile set, falling back to 1 default profile: "default"
2025-08-25 14:56:27 [restartedMain] INFO  o.s.b.d.env.DevToolsPropertyDefaultsPostProcessor - Devtools property defaults active! Set 'spring.devtools.add-properties' to 'false' to disable
2025-08-25 14:56:27 [restartedMain] INFO  o.s.b.d.env.DevToolsPropertyDefaultsPostProcessor - For additional web related logging consider setting the 'logging.level.web' property to 'DEBUG'
2025-08-25 14:56:28 [restartedMain] DEBUG org.apache.ibatis.logging.LogFactory - Logging initialized using 'class org.apache.ibatis.logging.slf4j.Slf4jImpl' adapter.
2025-08-25 14:56:28 [restartedMain] INFO  o.s.boot.web.embedded.tomcat.TomcatWebServer - Tomcat initialized with port 8080 (http)
2025-08-25 14:56:28 [restartedMain] INFO  org.apache.coyote.http11.Http11NioProtocol - Initializing ProtocolHandler ["http-nio-8080"]
2025-08-25 14:56:28 [restartedMain] INFO  org.apache.catalina.core.StandardService - Starting service [Tomcat]
2025-08-25 14:56:28 [restartedMain] INFO  org.apache.catalina.core.StandardEngine - Starting Servlet engine: [Apache Tomcat/10.1.44]
2025-08-25 14:56:28 [restartedMain] INFO  o.a.c.core.ContainerBase.[Tomcat].[localhost].[/] - Initializing Spring embedded WebApplicationContext
2025-08-25 14:56:28 [restartedMain] INFO  o.s.b.w.s.c.ServletWebServerApplicationContext - Root WebApplicationContext: initialization completed in 1022 ms
2025-08-25 14:56:29 [restartedMain] INFO  o.s.b.d.autoconfigure.OptionalLiveReloadServer - LiveReload server is running on port 35729
2025-08-25 14:56:29 [restartedMain] INFO  org.apache.coyote.http11.Http11NioProtocol - Starting ProtocolHandler ["http-nio-8080"]
2025-08-25 14:56:29 [restartedMain] INFO  o.s.boot.web.embedded.tomcat.TomcatWebServer - Tomcat started on port 8080 (http) with context path '/'
2025-08-25 14:56:29 [restartedMain] INFO  com.yep.web.WebApplication - Started WebApplication in 2.413 seconds (process running for 2.979)
2025-08-25 14:57:00 [http-nio-8080-exec-2] INFO  o.a.c.core.ContainerBase.[Tomcat].[localhost].[/] - Initializing Spring DispatcherServlet 'dispatcherServlet'
2025-08-25 14:57:00 [http-nio-8080-exec-2] INFO  org.springframework.web.servlet.DispatcherServlet - Initializing Servlet 'dispatcherServlet'
2025-08-25 14:57:00 [http-nio-8080-exec-2] INFO  org.springframework.web.servlet.DispatcherServlet - Completed initialization in 0 ms
2025-08-25 14:57:00 [http-nio-8080-exec-2] INFO  com.yep.web.controller.impl.DeptController - 获取部门数据
2025-08-25 14:57:00 [http-nio-8080-exec-2] INFO  com.zaxxer.hikari.HikariDataSource - HikariPool-1 - Starting...
2025-08-25 14:57:00 [http-nio-8080-exec-2] INFO  com.zaxxer.hikari.pool.HikariPool - HikariPool-1 - Added connection com.mysql.cj.jdbc.ConnectionImpl@788fe962
2025-08-25 14:57:00 [http-nio-8080-exec-2] INFO  com.zaxxer.hikari.HikariDataSource - HikariPool-1 - Start completed.
2025-08-25 14:57:00 [http-nio-8080-exec-2] DEBUG com.yep.web.mapper.DeptMapper.findAll - ==>  Preparing: SELECT id, name, create_time, update_time FROM dept ORDER BY update_time DESC;
2025-08-25 14:57:00 [http-nio-8080-exec-2] DEBUG com.yep.web.mapper.DeptMapper.findAll - ==> Parameters: 
2025-08-25 14:57:00 [http-nio-8080-exec-2] DEBUG com.yep.web.mapper.DeptMapper.findAll - <==      Total: 7
2025-08-25 14:57:58 [http-nio-8080-exec-4] INFO  com.yep.web.controller.impl.DeptController - 获取部门数据
2025-08-25 14:57:58 [http-nio-8080-exec-4] DEBUG com.yep.web.mapper.DeptMapper.findAll - ==>  Preparing: SELECT id, name, create_time, update_time FROM dept ORDER BY update_time DESC;
2025-08-25 14:57:58 [http-nio-8080-exec-4] DEBUG com.yep.web.mapper.DeptMapper.findAll - ==> Parameters: 
2025-08-25 14:57:58 [http-nio-8080-exec-4] DEBUG com.yep.web.mapper.DeptMapper.findAll - <==      Total: 7
2025-08-25 14:58:01 [http-nio-8080-exec-5] INFO  com.yep.web.controller.impl.DeptController - 获取部门数据
2025-08-25 14:58:01 [http-nio-8080-exec-5] DEBUG com.yep.web.mapper.DeptMapper.findAll - ==>  Preparing: SELECT id, name, create_time, update_time FROM dept ORDER BY update_time DESC;
2025-08-25 14:58:01 [http-nio-8080-exec-5] DEBUG com.yep.web.mapper.DeptMapper.findAll - ==> Parameters: 
2025-08-25 14:58:01 [http-nio-8080-exec-5] DEBUG com.yep.web.mapper.DeptMapper.findAll - <==      Total: 7
2025-08-25 15:01:33 [File Watcher] INFO  o.s.b.d.a.LocalDevToolsAutoConfiguration$RestartingClassPathChangeChangedEventListener - Restarting due to 1 class path change (0 additions, 0 deletions, 1 modification)
2025-08-25 15:01:33 [Thread-5] INFO  o.s.boot.web.embedded.tomcat.GracefulShutdown - Commencing graceful shutdown. Waiting for active requests to complete
2025-08-25 15:01:33 [tomcat-shutdown] INFO  org.apache.coyote.http11.Http11NioProtocol - Pausing ProtocolHandler ["http-nio-8080"]
2025-08-25 15:01:33 [tomcat-shutdown] INFO  o.s.boot.web.embedded.tomcat.GracefulShutdown - Graceful shutdown complete
2025-08-25 15:01:33 [Thread-5] INFO  org.apache.coyote.http11.Http11NioProtocol - Stopping ProtocolHandler ["http-nio-8080"]
2025-08-25 15:01:33 [Thread-5] INFO  com.zaxxer.hikari.HikariDataSource - HikariPool-1 - Shutdown initiated...
2025-08-25 15:01:33 [Thread-5] INFO  com.zaxxer.hikari.HikariDataSource - HikariPool-1 - Shutdown completed.
